<?xml version="1.0" encoding="UTF-8"?>
<!-- Generated by org.testng.reporters.JUnitXMLReporter -->
<testsuite hostname="KiLLeR-PC" ignored="0" name="chrome" tests="1" failures="1" timestamp="16 Jun 2020 08:57:21 GMT" time="28.3" errors="0">
  <testcase name="Login" time="6.82" classname="ResponsiveLayout.VTigerLoginPage">
    <failure type="java.lang.AssertionError" message="Layout Test Failed :  expected [0] but found [11]">
      <![CDATA[java.lang.AssertionError: Layout Test Failed :  expected [0] but found [11]
at ResponsiveLayout.VTigerLoginPage.Login(VTigerLoginPage.java:71)
at java.util.concurrent.FutureTask.run(Unknown Source)
at java.util.concurrent.ThreadPoolExecutor.runWorker(Unknown Source)
at java.util.concurrent.ThreadPoolExecutor$Worker.run(Unknown Source)
at java.lang.Thread.run(Unknown Source)
... Removed 21 stack frames]]>
    </failure>
  </testcase> <!-- Login -->
</testsuite> <!-- chrome -->
