<?xml version="1.0" encoding="UTF-8"?>
<!-- Generated by org.testng.reporters.JUnitXMLReporter -->
<testsuite hostname="KiLLeR-PC" ignored="0" name="Test" tests="7" failures="4" timestamp="10 Aug 2018 09:15:51 GMT" time="60.309" errors="0">
  <testcase name="@AfterTest tearDown" time="1.031" classname="ResponsiveLayout.UserManagerGrid">
    <failure type="java.lang.UnsatisfiedLinkError" message="C:\Users\Admin\AppData\Local\Temp\jna-63116079\jna4605368299115976616.dll: Access is denied">
      <![CDATA[java.lang.UnsatisfiedLinkError: C:\Users\Admin\AppData\Local\Temp\jna-63116079\jna4605368299115976616.dll: Access is denied
at java.lang.ClassLoader$NativeLibrary.load(Native Method)
at java.lang.ClassLoader.loadLibrary0(ClassLoader.java:1941)
at java.lang.ClassLoader.loadLibrary(ClassLoader.java:1824)
at java.lang.Runtime.load0(Runtime.java:809)
at java.lang.System.load(System.java:1086)
at com.sun.jna.Native.loadNativeDispatchLibraryFromClasspath(Native.java:761)
at com.sun.jna.Native.loadNativeDispatchLibrary(Native.java:736)
at com.sun.jna.Native.<clinit>(Native.java:131)
at org.openqa.selenium.os.Kernel32.<clinit>(Kernel32.java:34)
at org.openqa.selenium.os.ProcessUtils.getProcessId(ProcessUtils.java:184)
at org.openqa.selenium.os.ProcessUtils.killWinProcess(ProcessUtils.java:128)
at org.openqa.selenium.os.ProcessUtils.killProcess(ProcessUtils.java:81)
at org.openqa.selenium.os.UnixProcess$SeleniumWatchDog.destroyHarder(UnixProcess.java:254)
at org.openqa.selenium.os.UnixProcess$SeleniumWatchDog.access$200(UnixProcess.java:208)
at org.openqa.selenium.os.UnixProcess.destroy(UnixProcess.java:125)
at org.openqa.selenium.os.CommandLine.destroy(CommandLine.java:155)
at org.openqa.selenium.remote.service.DriverService.stop(DriverService.java:196)
at org.openqa.selenium.remote.service.DriverCommandExecutor.execute(DriverCommandExecutor.java:94)
at org.openqa.selenium.remote.RemoteWebDriver.execute(RemoteWebDriver.java:601)
at org.openqa.selenium.remote.RemoteWebDriver.execute(RemoteWebDriver.java:658)
at org.openqa.selenium.remote.RemoteWebDriver.quit(RemoteWebDriver.java:497)
at ResponsiveLayout.UserManagerGrid.tearDown(UserManagerGrid.java:199)
... Removed 27 stack frames]]>
    </failure>
  </testcase> <!-- @AfterTest tearDown -->
  <testcase name="Login" time="3.541" classname="ResponsiveLayout.UserManagerGrid">
    <failure type="java.lang.AssertionError" message="Layout Test Failed :  expected [0] but found [11]">
      <![CDATA[java.lang.AssertionError: Layout Test Failed :  expected [0] but found [11]
at ResponsiveLayout.UserManagerGrid.Login(UserManagerGrid.java:68)
... Removed 33 stack frames]]>
    </failure>
  </testcase> <!-- Login -->
  <testcase name="User" time="17.721" classname="ResponsiveLayout.UserManagerGrid"/>
  <testcase name="UserGrid" time="3.443" classname="ResponsiveLayout.UserManagerGrid">
    <failure type="java.lang.AssertionError" message="Layout Test Failed :  expected [0] but found [18]">
      <![CDATA[java.lang.AssertionError: Layout Test Failed :  expected [0] but found [18]
at ResponsiveLayout.UserManagerGrid.UserGrid(UserManagerGrid.java:118)
... Removed 33 stack frames]]>
    </failure>
  </testcase> <!-- UserGrid -->
  <testcase name="Subcription" time="8.442" classname="ResponsiveLayout.UserManagerGrid"/>
  <testcase name="SubcriptionTierLayout" time="2.214" classname="ResponsiveLayout.UserManagerGrid">
    <failure type="java.lang.AssertionError" message="Layout Test Failed :  expected [0] but found [9]">
      <![CDATA[java.lang.AssertionError: Layout Test Failed :  expected [0] but found [9]
at ResponsiveLayout.UserManagerGrid.SubcriptionTierLayout(UserManagerGrid.java:155)
... Removed 33 stack frames]]>
    </failure>
  </testcase> <!-- SubcriptionTierLayout -->
  <testcase name="Addsubcription" time="8.116" classname="ResponsiveLayout.UserManagerGrid"/>
  <testcase name="SubcriptionTierAdd" time="2.853" classname="ResponsiveLayout.UserManagerGrid">
    <failure type="java.lang.AssertionError" message="Layout Test Failed :  expected [0] but found [13]">
      <![CDATA[java.lang.AssertionError: Layout Test Failed :  expected [0] but found [13]
at ResponsiveLayout.UserManagerGrid.SubcriptionTierAdd(UserManagerGrid.java:192)
... Removed 33 stack frames]]>
    </failure>
  </testcase> <!-- SubcriptionTierAdd -->
</testsuite> <!-- Test -->
